wandb: Currently logged in as: bastien-jossen (bastien-jossen-university-of-bern) to https://api.wandb.ai. Use `wandb login --relogin` to force relogin
wandb: Tracking run with wandb version 0.19.11
wandb: Run data is saved locally in /storage/homefs/bj20p045/NewRL/Non-Det/DQN/wandb/run-20250518_143205-obvxqtuc
wandb: Run `wandb offline` to turn off syncing.
wandb: Syncing run non_Det_DQN_run_1747571525
wandb: ⭐️ View project at https://wandb.ai/bastien-jossen-university-of-bern/minesweeper-RL
wandb: 🚀 View run at https://wandb.ai/bastien-jossen-university-of-bern/minesweeper-RL/runs/obvxqtuc
Episode 1000 | Return: 2.00 | Win: 0.00
Episode 2000 | Return: 2.00 | Win: 0.00
Episode 3000 | Return: 0.00 | Win: 0.00
Episode 4000 | Return: -2.00 | Win: 0.00
Episode 5000 | Return: -1.00 | Win: 0.00
Episode 6000 | Return: -2.00 | Win: 0.00
Episode 7000 | Return: 0.00 | Win: 0.00
Episode 8000 | Return: -2.00 | Win: 0.00
Episode 9000 | Return: 0.00 | Win: 0.00
Episode 10000 | Return: 0.00 | Win: 0.00
Episode 11000 | Return: -1.00 | Win: 0.00
Episode 12000 | Return: -2.00 | Win: 0.00
Episode 13000 | Return: -2.00 | Win: 0.00
Episode 14000 | Return: -2.00 | Win: 0.00
Episode 15000 | Return: -1.00 | Win: 0.00
Episode 16000 | Return: 1.00 | Win: 0.00
Episode 17000 | Return: 1.00 | Win: 0.00
Episode 18000 | Return: 0.00 | Win: 0.00
Episode 19000 | Return: 7.00 | Win: 0.00
Episode 20000 | Return: 0.00 | Win: 0.00
Episode 21000 | Return: -2.00 | Win: 0.00
Episode 22000 | Return: 7.00 | Win: 0.00
Episode 23000 | Return: 3.00 | Win: 0.00
Episode 24000 | Return: -1.00 | Win: 0.00
Episode 25000 | Return: 2.00 | Win: 0.00
Episode 26000 | Return: 1.00 | Win: 0.00
Episode 27000 | Return: 0.00 | Win: 0.00
Episode 28000 | Return: -1.00 | Win: 0.00
Episode 29000 | Return: 2.00 | Win: 0.00
Episode 30000 | Return: 9.00 | Win: 0.00
Episode 31000 | Return: -2.00 | Win: 0.00
Episode 32000 | Return: -1.00 | Win: 0.00
Episode 33000 | Return: -1.00 | Win: 0.00
Episode 34000 | Return: -1.00 | Win: 0.00
Episode 35000 | Return: 2.00 | Win: 0.00
Episode 36000 | Return: 0.00 | Win: 0.00
Episode 37000 | Return: 1.00 | Win: 0.00
Episode 38000 | Return: -2.00 | Win: 0.00
Episode 39000 | Return: 7.00 | Win: 0.00
Episode 40000 | Return: 10.00 | Win: 0.00
Episode 41000 | Return: -1.00 | Win: 0.00
Episode 42000 | Return: 0.00 | Win: 0.00
Episode 43000 | Return: 0.00 | Win: 0.00
Episode 44000 | Return: -2.00 | Win: 0.00
Episode 45000 | Return: 0.00 | Win: 0.00
Episode 46000 | Return: -1.00 | Win: 0.00
Episode 47000 | Return: 0.00 | Win: 0.00
Episode 48000 | Return: -2.00 | Win: 0.00
Episode 49000 | Return: 7.00 | Win: 0.00
Episode 50000 | Return: -2.00 | Win: 0.00
Episode 51000 | Return: -1.00 | Win: 0.00
Episode 52000 | Return: 1.00 | Win: 0.00
Episode 53000 | Return: -2.00 | Win: 0.00
Episode 54000 | Return: -2.00 | Win: 0.00
Episode 55000 | Return: -2.00 | Win: 0.00
Episode 56000 | Return: -2.00 | Win: 0.00
Episode 57000 | Return: -1.00 | Win: 0.00
Episode 58000 | Return: -2.00 | Win: 0.00
Episode 59000 | Return: -1.00 | Win: 0.00
Episode 60000 | Return: -1.00 | Win: 0.00
Episode 61000 | Return: -1.00 | Win: 0.00
Episode 62000 | Return: 2.00 | Win: 0.00
Episode 63000 | Return: -2.00 | Win: 0.00
Episode 64000 | Return: -2.00 | Win: 0.00
Episode 65000 | Return: -1.00 | Win: 0.00
Episode 66000 | Return: 4.00 | Win: 0.00
Episode 67000 | Return: 2.00 | Win: 0.00
Episode 68000 | Return: -2.00 | Win: 0.00
Episode 69000 | Return: 0.00 | Win: 0.00
Episode 70000 | Return: -1.00 | Win: 0.00
Episode 71000 | Return: 0.00 | Win: 0.00
Episode 72000 | Return: 1.00 | Win: 0.00
Episode 73000 | Return: 2.00 | Win: 0.00
Episode 74000 | Return: 5.00 | Win: 0.00
Episode 75000 | Return: -2.00 | Win: 0.00
Episode 76000 | Return: -2.00 | Win: 0.00
Episode 77000 | Return: -1.00 | Win: 0.00
Episode 78000 | Return: -1.00 | Win: 0.00
Episode 79000 | Return: -1.00 | Win: 0.00
Episode 80000 | Return: -2.00 | Win: 0.00
Episode 81000 | Return: -2.00 | Win: 0.00
Episode 82000 | Return: 1.00 | Win: 0.00
Episode 83000 | Return: -2.00 | Win: 0.00
Episode 84000 | Return: -2.00 | Win: 0.00
Episode 85000 | Return: 4.00 | Win: 0.00
Episode 86000 | Return: -2.00 | Win: 0.00
Episode 87000 | Return: 1.00 | Win: 0.00
Episode 88000 | Return: -2.00 | Win: 0.00
Episode 89000 | Return: -2.00 | Win: 0.00
Episode 90000 | Return: 0.00 | Win: 0.00
Episode 91000 | Return: -1.00 | Win: 0.00
Episode 92000 | Return: 0.00 | Win: 0.00
Episode 93000 | Return: -2.00 | Win: 0.00
Episode 94000 | Return: -2.00 | Win: 0.00
Episode 95000 | Return: 21.00 | Win: 1.00
Episode 96000 | Return: -1.00 | Win: 0.00
Episode 97000 | Return: -2.00 | Win: 0.00
Episode 98000 | Return: -2.00 | Win: 0.00
Episode 99000 | Return: 2.00 | Win: 0.00
Episode 100000 | Return: -2.00 | Win: 0.00
[1;34mwandb[0m: 
[1;34mwandb[0m: 🚀 View run [33mnon_Det_DQN_run_1747571525[0m at: [34mhttps://wandb.ai/bastien-jossen-university-of-bern/minesweeper-RL/runs/obvxqtuc[0m
[1;34mwandb[0m: Find logs at: [1;35mwandb/run-20250518_143205-obvxqtuc/logs[0m
